[main] INFO  com.mindtree.utilities.Log  - COD is available
[main] INFO  com.mindtree.utilities.Log  - COD is available
[main] INFO  com.mindtree.utilities.Log  - COD is available
[main] INFO  com.mindtree.utilities.Log  - Successfully added to cart
[main] INFO  com.mindtree.utilities.Log  - COD is available
[main] INFO  com.mindtree.utilities.Log  - Successfully added to cart
[main] INFO  com.mindtree.utilities.Log  - COD is available
[main] INFO  com.mindtree.utilities.Log  - Successfully added to cart
[main] INFO  com.mindtree.utilities.Log  - COD is available
[main] INFO  com.mindtree.utilities.Log  - Successfully added to cart
[main] INFO  com.mindtree.utilities.Log  - org.openqa.selenium.NoSuchElementException: no such element: Unable to locate element: {"method":"xpath","selector":"(//button[@class='btn btn-default'])[1]"}
  (Session info: chrome=95.0.4638.69)
For documentation on this error, please visit: https://www.seleniumhq.org/exceptions/no_such_element.html
Build info: version: '3.141.59', revision: 'e82be7d358', time: '2018-11-14T08:17:03'
System info: host: 'LAPTOP-LIAKTO4M', ip: '192.168.0.105', os.name: 'Windows 10', os.arch: 'amd64', os.version: '10.0', java.version: '17'
Driver info: org.openqa.selenium.chrome.ChromeDriver
Capabilities {acceptInsecureCerts: false, browserName: chrome, browserVersion: 95.0.4638.69, chrome: {chromedriverVersion: 94.0.4606.41 (333e85df3c9b6..., userDataDir: C:\Users\Spoorthy\AppData\L...}, goog:chromeOptions: {debuggerAddress: localhost:58815}, javascriptEnabled: true, networkConnectionEnabled: false, pageLoadStrategy: normal, platform: WINDOWS, platformName: WINDOWS, proxy: Proxy(), setWindowRect: true, strictFileInteractability: false, timeouts: {implicit: 0, pageLoad: 300000, script: 30000}, unhandledPromptBehavior: dismiss and notify, webauthn:extension:credBlob: true, webauthn:extension:largeBlob: true, webauthn:virtualAuthenticators: true}
Session ID: fcf47a94a64a44b0c383a40044eaacb8
*** Element info: {Using=xpath, value=(//button[@class='btn btn-default'])[1]}
[main] INFO  com.mindtree.utilities.Log  - COD is available
[main] INFO  com.mindtree.utilities.Log  - Successfully added to cart
[main] INFO  com.mindtree.utilities.Log  - org.openqa.selenium.NoSuchElementException: no such element: Unable to locate element: {"method":"xpath","selector":"(//button[@class='btn btn-default'])[1]"}
  (Session info: chrome=95.0.4638.69)
For documentation on this error, please visit: https://www.seleniumhq.org/exceptions/no_such_element.html
Build info: version: '3.141.59', revision: 'e82be7d358', time: '2018-11-14T08:17:03'
System info: host: 'LAPTOP-LIAKTO4M', ip: '192.168.0.105', os.name: 'Windows 10', os.arch: 'amd64', os.version: '10.0', java.version: '17'
Driver info: org.openqa.selenium.chrome.ChromeDriver
Capabilities {acceptInsecureCerts: false, browserName: chrome, browserVersion: 95.0.4638.69, chrome: {chromedriverVersion: 94.0.4606.41 (333e85df3c9b6..., userDataDir: C:\Users\Spoorthy\AppData\L...}, goog:chromeOptions: {debuggerAddress: localhost:54658}, javascriptEnabled: true, networkConnectionEnabled: false, pageLoadStrategy: normal, platform: WINDOWS, platformName: WINDOWS, proxy: Proxy(), setWindowRect: true, strictFileInteractability: false, timeouts: {implicit: 0, pageLoad: 300000, script: 30000}, unhandledPromptBehavior: dismiss and notify, webauthn:extension:credBlob: true, webauthn:extension:largeBlob: true, webauthn:virtualAuthenticators: true}
Session ID: 57b181faba497304e0e28b43ab41205f
*** Element info: {Using=xpath, value=(//button[@class='btn btn-default'])[1]}
[main] INFO  com.mindtree.utilities.Log  - Error occured in contacting us
[main] INFO  com.mindtree.utilities.Log  - Error occured in contacting us
[main] INFO  com.mindtree.utilities.Log  - COD is available
[main] INFO  com.mindtree.utilities.Log  - Successfully added to cart
[main] INFO  com.mindtree.utilities.Log  - Error occured in contacting us
[main] INFO  com.mindtree.utilities.Log  - Account creation not successful
